build/app/outputs/mapping/release/seeds.txt
com.example.start_stopp.MainActivity
com.example.start_stopp.MainActivity: MainActivity()
com.example.start_stopp.R$attr: int alpha
com.example.start_stopp.R$attr: int buttonSize
com.example.start_stopp.R$attr: int circleCrop
com.example.start_stopp.R$attr: int colorScheme
com.example.start_stopp.R$attr: int coordinatorLayoutStyle
com.example.start_stopp.R$attr: int font
com.example.start_stopp.R$attr: int fontProviderAuthority
com.example.start_stopp.R$attr: int fontProviderCerts
com.example.start_stopp.R$attr: int fontProviderFetchStrategy
com.example.start_stopp.R$attr: int fontProviderFetchTimeout
com.example.start_stopp.R$attr: int fontProviderPackage
com.example.start_stopp.R$attr: int fontProviderQuery
com.example.start_stopp.R$attr: int fontStyle
com.example.start_stopp.R$attr: int fontVariationSettings
com.example.start_stopp.R$attr: int fontWeight
com.example.start_stopp.R$attr: int imageAspectRatio
com.example.start_stopp.R$attr: int imageAspectRatioAdjust
com.example.start_stopp.R$attr: int keylines
com.example.start_stopp.R$attr: int layout_anchor
com.example.start_stopp.R$attr: int layout_anchorGravity
com.example.start_stopp.R$attr: int layout_behavior
com.example.start_stopp.R$attr: int layout_dodgeInsetEdges
com.example.start_stopp.R$attr: int layout_insetEdge
com.example.start_stopp.R$attr: int layout_keyline
com.example.start_stopp.R$attr: int scopeUris
com.example.start_stopp.R$attr: int statusBarBackground
com.example.start_stopp.R$attr: int ttcIndex
com.example.start_stopp.R$color: int common_google_signin_btn_text_dark
com.example.start_stopp.R$color: int common_google_signin_btn_text_dark_default
com.example.start_stopp.R$color: int common_google_signin_btn_text_dark_disabled
com.example.start_stopp.R$color: int common_google_signin_btn_text_dark_focused
com.example.start_stopp.R$color: int common_google_signin_btn_text_dark_pressed
com.example.start_stopp.R$color: int common_google_signin_btn_text_light
com.example.start_stopp.R$color: int common_google_signin_btn_text_light_default
com.example.start_stopp.R$color: int common_google_signin_btn_text_light_disabled
com.example.start_stopp.R$color: int common_google_signin_btn_text_light_focused
com.example.start_stopp.R$color: int common_google_signin_btn_text_light_pressed
com.example.start_stopp.R$color: int common_google_signin_btn_tint
com.example.start_stopp.R$color: int notification_action_color_filter
com.example.start_stopp.R$color: int notification_icon_bg_color
com.example.start_stopp.R$color: int notification_material_background_media_default_color
com.example.start_stopp.R$color: int primary_text_default_material_dark
com.example.start_stopp.R$color: int ripple_material_light
com.example.start_stopp.R$color: int secondary_text_default_material_dark
com.example.start_stopp.R$color: int secondary_text_default_material_light
...
com.google.android.gms.internal.firebase_ml.zzlu$zzae$zzc: int zzm
com.google.android.gms.internal.firebase_ml.zzlu$zzae$zzc: com.google.android.gms.internal.firebase_ml.zzlu$zzae$zza zzapo
com.google.android.gms.internal.firebase_ml.zzlu$zzae$zzc: com.google.android.gms.internal.firebase_ml.zzlu$zzae$zzc zzapp
com.google.android.gms.internal.firebase_ml.zzlu$zzae$zzc: com.google.android.gms.internal.firebase_ml.zzwr zzs
com.google.android.gms.internal.firebase_ml.zzlu$zzae$zzd: com.google.android.gms.internal.firebase_ml.zzvf zzapq
com.google.android.gms.internal.firebase_ml.zzlu$zzae$zzd: com.google.android.gms.internal.firebase_ml.zzlu$zzae$zzd zzapr
com.google.android.gms.internal.firebase_ml.zzlu$zzae$zzd: com.google.android.gms.internal.firebase_ml.zzwr zzs
com.google.android.gms.internal.firebase_ml.zzlu$zzaf: int zzm
com.google.android.gms.internal.firebase_ml.zzlu$zzaf: com.google.android.gms.internal.firebase_ml.zzlu$zzag zzaps
com.google.android.gms.internal.firebase_ml.zzlu$zzaf: int zzadb
com.google.android.gms.internal.firebase_ml.zzlu$zzaf: com.google.android.gms.internal.firebase_ml.zzlu$zzaf zzapt
com.google.android.gms.internal.firebase_ml.zzlu$zzaf: com.google.android.gms.internal.firebase_ml.zzwr zzs
com.google.android.gms.internal.firebase_ml.zzlu$zzag: int zzm
com.google.android.gms.internal.firebase_ml.zzlu$zzag: int zzapu
com.google.android.gms.internal.firebase_ml.zzlu$zzag: boolean zzapv
com.google.android.gms.internal.firebase_ml.zzlu$zzag: boolean zzapw
com.google.android.gms.internal.firebase_ml.zzlu$zzag: com.google.android.gms.internal.firebase_ml.zzlu$zzag zzapx
com.google.android.gms.internal.firebase_ml.zzlu$zzag: com.google.android.gms.internal.firebase_ml.zzwr zzs
com.google.android.gms.internal.firebase_ml.zzlu$zzag$zza: com.google.android.gms.internal.firebase_ml.zzlu$zzag$zza[] values()
com.google.android.gms.internal.firebase_ml.zzlu$zzah: int zzm
com.google.android.gms.internal.firebase_ml.zzlu$zzah: com.google.android.gms.internal.firebase_ml.zzlu$zzu zzadd
com.google.android.gms.internal.firebase_ml.zzlu$zzah: com.google.android.gms.internal.firebase_ml.zzlu$zzt zzadg
com.google.android.gms.internal.firebase_ml.zzlu$zzah: com.google.android.gms.internal.firebase_ml.zzlu$zzag zzaps
com.google.android.gms.internal.firebase_ml.zzlu$zzah: com.google.android.gms.internal.firebase_ml.zzvf zzaqc
com.google.android.gms.internal.firebase_ml.zzlu$zzah: com.google.android.gms.internal.firebase_ml.zzlu$zzah zzaqd
com.google.android.gms.internal.firebase_ml.zzlu$zzah: com.google.android.gms.internal.firebase_ml.zzwr zzs
com.google.android.gms.internal.firebase_ml.zzlu$zzai: int zzm
com.google.android.gms.internal.firebase_ml.zzlu$zzai: com.google.android.gms.internal.firebase_ml.zzlu$zzag zzaps
com.google.android.gms.internal.firebase_ml.zzlu$zzai: int zzadb
com.google.android.gms.internal.firebase_ml.zzlu$zzai: com.google.android.gms.internal.firebase_ml.zzlu$zzai zzaqe
com.google.android.gms.internal.firebase_ml.zzlu$zzai: com.google.android.gms.internal.firebase_ml.zzwr zzs
com.google.android.gms.internal.firebase_ml.zzlu$zzaj: int zzm
com.google.android.gms.internal.firebase_ml.zzlu$zzaj: com.google.android.gms.internal.firebase_ml.zzlu$zzu zzadd
com.google.android.gms.internal.firebase_ml.zzlu$zzaj: com.google.android.gms.internal.firebase_ml.zzvf zzaqf
com.google.android.gms.internal.firebase_ml.zzlu$zzaj: int zzaqg
com.google.android.gms.internal.firebase_ml.zzlu$zzaj: int zzaqh
com.google.android.gms.internal.firebase_ml.zzlu$zzaj: int zzaqi
com.google.android.gms.internal.firebase_ml.zzlu$zzaj: com.google.android.gms.internal.firebase_ml.zzlu$zzaj zzaqj
com.google.android.gms.internal.firebase_ml.zzlu$zzaj: com.google.android.gms.internal.firebase_ml.zzwr zzs
com.google.android.gms.internal.firebase_ml.zzlu$zzaj$zzb: com.google.android.gms.internal.firebase_ml.zzlu$zzaj$zzb[] values()