build/app/outputs/mapping/release/mapping.txt
com.example.start_stopp.MainActivity -> com.example.start_stopp.MainActivity:
    void <init>() -> <init>
    void onCreate(android.os.Bundle) -> onCreate
...
com.google.android.gms.internal.vision.zzcz$zzb -> com.google.android.gms.e.m.cc$b:
    com.google.android.gms.internal.vision.zzge zzmb -> zzmb
    com.google.android.gms.internal.vision.zzcz$zzb zzmc -> zzmc
    com.google.android.gms.internal.vision.zzhq zzbf -> zzbf
    void <init>() -> <init>
    java.lang.Object zza(int,java.lang.Object,java.lang.Object) -> a
    com.google.android.gms.internal.vision.zzcz$zzb zzbs() -> a
    void <clinit>() -> <clinit>
com.google.android.gms.internal.vision.zzcz$zzb$zza -> com.google.android.gms.e.m.cc$b$a:
    void <init>() -> <init>
    void <init>(com.google.android.gms.internal.vision.zzda) -> <init>
com.google.android.gms.internal.vision.zzcz$zzc -> com.google.android.gms.e.m.cc$c:
    int zzbg -> zzbg
    java.lang.String zzmd -> zzmd
    boolean zzme -> zzme
    int zzmf -> zzmf
    long zzmg -> zzmg
    long zzmh -> zzmh
    long zzmi -> zzmi
    java.lang.String zzmj -> zzmj
    com.google.android.gms.internal.vision.zzcz$zzc zzmk -> zzmk
    com.google.android.gms.internal.vision.zzhq zzbf -> zzbf
    void <init>() -> <init>
    java.lang.Object zza(int,java.lang.Object,java.lang.Object) -> a
    com.google.android.gms.internal.vision.zzcz$zzc zzbt() -> a
    void <clinit>() -> <clinit>
com.google.android.gms.internal.vision.zzcz$zzc$zza -> com.google.android.gms.e.m.cc$c$a:
    void <init>() -> <init>
    void <init>(com.google.android.gms.internal.vision.zzda) -> <init>
com.google.android.gms.internal.vision.zzcz$zzc$zzb -> com.google.android.gms.e.m.cc$c$b:
    com.google.android.gms.internal.vision.zzcz$zzc$zzb zzml -> a
    com.google.android.gms.internal.vision.zzcz$zzc$zzb zzmm -> b
    com.google.android.gms.internal.vision.zzcz$zzc$zzb zzmn -> c
    com.google.android.gms.internal.vision.zzcz$zzc$zzb zzmo -> d
    com.google.android.gms.internal.vision.zzgc zzdv -> e
    int value -> f
    com.google.android.gms.internal.vision.zzcz$zzc$zzb[] zzmp -> g
    com.google.android.gms.internal.vision.zzcz$zzc$zzb[] values() -> values
    int zzr() -> a
    com.google.android.gms.internal.vision.zzcz$zzc$zzb zzs(int) -> a
    com.google.android.gms.internal.vision.zzgd zzah() -> b
    void <init>(java.lang.String,int,int) -> <init>
    void <clinit>() -> <clinit>
com.google.android.gms.internal.vision.zzcz$zzd -> com.google.android.gms.e.m.cc$d:
    int zzbg -> zzbg
    java.lang.String zzmq -> zzmq
    java.lang.String zzmr -> zzmr
    com.google.android.gms.internal.vision.zzge zzms -> zzms
    int zzmt -> zzmt
    java.lang.String zzmu -> zzmu
    long zzmv -> zzmv
    long zzmw -> zzmw
    com.google.android.gms.internal.vision.zzge zzmx -> zzmx
    com.google.android.gms.internal.vision.zzcz$zzd zzmy -> zzmy
    com.google.android.gms.internal.vision.zzhq zzbf -> zzbf
    void <init>() -> <init>
    java.lang.Object zza(int,java.lang.Object,java.lang.Object) -> a
    com.google.android.gms.internal.vision.zzcz$zzd zzbu() -> a
    void <clinit>() -> <clinit>
com.google.android.gms.internal.vision.zzcz$zzd$zza -> com.google.android.gms.e.m.cc$d$a:
    void <init>() -> <init>
    void <init>(com.google.android.gms.internal.vision.zzda) -> <init>
com.google.android.gms.internal.vision.zzcz$zzd$zzb -> com.google.android.gms.e.m.cc$d$b:
    com.google.android.gms.internal.vision.zzcz$zzd$zzb zzmz -> a
    com.google.android.gms.internal.vision.zzcz$zzd$zzb zzna -> b
    com.google.android.gms.internal.vision.zzcz$zzd$zzb zznb -> c
    com.google.android.gms.internal.vision.zzcz$zzd$zzb zznc -> d
    com.google.android.gms.internal.vision.zzgc zzdv -> e
    int value -> f
    com.google.android.gms.internal.vision.zzcz$zzd$zzb[] zznd -> g
    com.google.android.gms.internal.vision.zzcz$zzd$zzb[] values() -> values
    int zzr() -> a
    com.google.android.gms.internal.vision.zzcz$zzd$zzb zzt(int) -> a
    com.google.android.gms.internal.vision.zzgd zzah() -> b
    void <init>(java.lang.String,int,int) -> <init>
    void <clinit>() -> <clinit>