build/app/outputs/mapping/release/usage.txt
com.example.start_stopp.BuildConfig
com.example.start_stopp.R
com.example.start_stopp.R$attr
com.example.start_stopp.R$color
com.example.start_stopp.R$dimen
com.example.start_stopp.R$drawable
com.example.start_stopp.R$id
com.example.start_stopp.R$integer
com.example.start_stopp.R$layout
com.example.start_stopp.R$mipmap
com.example.start_stopp.R$raw
com.example.start_stopp.R$string
com.example.start_stopp.R$style
com.example.start_stopp.R$styleable
com.example.start_stopp.R$xml
...
com.google.gson.JsonNull
com.google.gson.JsonObject
com.google.gson.JsonParseException
com.google.gson.JsonParser
com.google.gson.JsonPrimitive
com.google.gson.JsonSerializationContext
com.google.gson.JsonSerializer
com.google.gson.JsonStreamParser
com.google.gson.JsonSyntaxException
com.google.gson.LongSerializationPolicy
com.google.gson.LongSerializationPolicy$1
com.google.gson.LongSerializationPolicy$2
com.google.gson.TypeAdapter
com.google.gson.TypeAdapter$1
com.google.gson.TypeAdapterFactory
com.google.gson.annotations.Expose
com.google.gson.annotations.JsonAdapter
com.google.gson.annotations.SerializedName
com.google.gson.annotations.Since
com.google.gson.annotations.Until
com.google.gson.internal.$Gson$Preconditions
com.google.gson.internal.$Gson$Types
com.google.gson.internal.$Gson$Types$GenericArrayTypeImpl
com.google.gson.internal.$Gson$Types$ParameterizedTypeImpl
com.google.gson.internal.$Gson$Types$WildcardTypeImpl
com.google.gson.internal.ConstructorConstructor
com.google.gson.internal.ConstructorConstructor$1
com.google.gson.internal.ConstructorConstructor$10
com.google.gson.internal.ConstructorConstructor$11
com.google.gson.internal.ConstructorConstructor$12
com.google.gson.internal.ConstructorConstructor$13
com.google.gson.internal.ConstructorConstructor$14
com.google.gson.internal.ConstructorConstructor$2
com.google.gson.internal.ConstructorConstructor$3
com.google.gson.internal.ConstructorConstructor$4
com.google.gson.internal.ConstructorConstructor$5
com.google.gson.internal.ConstructorConstructor$6
com.google.gson.internal.ConstructorConstructor$7
com.google.gson.internal.ConstructorConstructor$8
com.google.gson.internal.ConstructorConstructor$9
com.google.gson.internal.Excluder
com.google.gson.internal.Excluder$1
com.google.gson.internal.JsonReaderInternalAccess:
    public abstract void promoteNameToValue(com.google.gson.stream.JsonReader)
com.google.gson.internal.LazilyParsedNumber
com.google.gson.internal.LinkedHashTreeMap
com.google.gson.internal.LinkedHashTreeMap$1
com.google.gson.internal.LinkedHashTreeMap$AvlBuilder
com.google.gson.internal.LinkedHashTreeMap$AvlIterator
com.google.gson.internal.LinkedHashTreeMap$EntrySet
com.google.gson.internal.LinkedHashTreeMap$EntrySet$1
com.google.gson.internal.LinkedHashTreeMap$KeySet
com.google.gson.internal.LinkedHashTreeMap$KeySet$1
com.google.gson.internal.LinkedHashTreeMap$LinkedTreeMapIterator
com.google.gson.internal.LinkedHashTreeMap$Node
com.google.gson.internal.LinkedTreeMap
com.google.gson.internal.LinkedTreeMap$1
com.google.gson.internal.LinkedTreeMap$EntrySet
com.google.gson.internal.LinkedTreeMap$EntrySet$1
com.google.gson.internal.LinkedTreeMap$KeySet
com.google.gson.internal.LinkedTreeMap$KeySet$1
com.google.gson.internal.LinkedTreeMap$LinkedTreeMapIterator
com.google.gson.internal.LinkedTreeMap$Node
com.google.gson.internal.ObjectConstructor
com.google.gson.internal.Primitives
com.google.gson.internal.Streams
com.google.gson.internal.Streams$AppendableWriter
com.google.gson.internal.Streams$AppendableWriter$CurrentWrite
com.google.gson.internal.UnsafeAllocator
com.google.gson.internal.UnsafeAllocator$1
com.google.gson.internal.UnsafeAllocator$2
com.google.gson.internal.UnsafeAllocator$3
com.google.gson.internal.UnsafeAllocator$4
com.google.gson.internal.bind.ArrayTypeAdapter
com.google.gson.internal.bind.ArrayTypeAdapter$1
com.google.gson.internal.bind.CollectionTypeAdapterFactory
com.google.gson.internal.bind.CollectionTypeAdapterFactory$Adapter
com.google.gson.internal.bind.DateTypeAdapter
com.google.gson.internal.bind.DateTypeAdapter$1
com.google.gson.internal.bind.JsonAdapterAnnotationTypeAdapterFactory
com.google.gson.internal.bind.JsonTreeReader
com.google.gson.internal.bind.JsonTreeReader$1
com.google.gson.internal.bind.JsonTreeWriter
com.google.gson.internal.bind.JsonTreeWriter$1
com.google.gson.internal.bind.MapTypeAdapterFactory
com.google.gson.internal.bind.MapTypeAdapterFactory$Adapter